🚀 启动【多核显微镜模式】
🖥️  检测到 CPU 核心数: 256
📊 扫描任务总数: 42
🎯 目标区间: [0.00065-0.00075] & [0.00170-0.00200]
====================================================================================================
ε = 0.00065  | ErrSum: 54.3484  | 
  ▶ Z: 14.13 | 23.94(2.91) | 31.51(6.50) | 41.61(11.19) | 45.75(12.82) | 58.52(20.93)
--------------------------------------------------
ε = 0.00066  | ErrSum: 560.5972 | 
--------------------------------------------------
ε = 0.00067  | ErrSum: 684.6552 | 
--------------------------------------------------
ε = 0.00068  | ErrSum: 42.2471  | 
  ▶ Z: 14.13 | 22.89(1.86) | 28.59(3.58) | 39.13(8.71) | 41.94(9.01) | 56.67(19.09)
--------------------------------------------------
ε = 0.00069  | ErrSum: 33.8408  | 
  ▶ Z: 14.13 | 22.27(1.25) | 27.30(2.28) | 37.58(7.16) | 40.13(7.20) | 53.54(15.95)
--------------------------------------------------
ε = 0.00070  | ErrSum: 20.7541  | 
  ▶ Z: 14.13 | 21.10(0.07) | 25.28(0.27) | 35.28(4.85) | 37.54(4.61) | 48.54(10.95)
--------------------------------------------------
ε = 0.00071  | ErrSum: 10.2529  | 🔥 SUPER!
  ▶ Z: 14.13 | 20.38(0.65) | 23.53(1.48) | 34.40(3.97) | 35.31(2.38) | 35.81(1.78)
--------------------------------------------------
ε = 0.00072  | ErrSum: 6.5404   | 🔥 SUPER!
  ▶ Z: 14.13 | 22.30(1.28) | 23.13(1.88) | 30.44(0.01) | 34.97(2.04) | 36.25(1.34)
--------------------------------------------------
ε = 0.00073  | ErrSum: 6.3191   | 🔥 SUPER!
  ▶ Z: 14.13 | 22.63(1.60) | 25.01(0.00) | 29.19(1.23) | 32.22(0.72) | 34.82(2.76)
--------------------------------------------------
ε = 0.00074  | ErrSum: 8.1309   | 🔥 SUPER!
  ▶ Z: 14.13 | 22.89(1.87) | 25.87(0.86) | 28.53(1.90) | 31.37(1.57) | 35.64(1.95)
--------------------------------------------------
ε = 0.00075  | ErrSum: 8.5603   | 🔥 SUPER!
  ▶ Z: 14.13 | 24.39(3.37) | 27.72(2.71) | 29.14(1.28) | 32.35(0.59) | 38.20(0.61)
--------------------------------------------------
ε = 0.00170  | ErrSum: 84.0541  | 
  ▶ Z: 14.13 | 26.35(5.32) | 38.71(13.70) | 50.15(19.72) | 57.76(24.83) | 58.07(20.48)
--------------------------------------------------
ε = 0.00171  | ErrSum: 22.0273  | 
  ▶ Z: 14.13 | 19.82(1.21) | 29.96(4.95) | 35.68(5.25) | 35.72(2.78) | 45.42(7.83)
--------------------------------------------------
ε = 0.00172  | ErrSum: 33.9403  | 
  ▶ Z: 14.13 | 29.72(8.70) | 30.10(5.09) | 34.74(4.32) | 36.17(3.23) | 50.19(12.61)
--------------------------------------------------
ε = 0.00173  | ErrSum: 55.5894  | 
  ▶ Z: 14.13 | 19.88(1.14) | 35.95(10.94) | 45.81(15.39) | 46.45(13.51) | 52.19(14.61)
--------------------------------------------------
ε = 0.00174  | ErrSum: 11.5851  | 🔥 SUPER!
  ▶ Z: 14.13 | 14.40(6.63) | 22.37(2.64) | 29.36(1.06) | 33.18(0.24) | 38.60(1.01)
--------------------------------------------------
ε = 0.00175  | ErrSum: 18.7762  | ✨ Excellent
  ▶ Z: 14.13 | 15.07(5.95) | 19.03(5.98) | 24.77(5.66) | 32.10(0.83) | 37.94(0.36)
--------------------------------------------------
ε = 0.00176  | ErrSum: 28.6718  | 
  ▶ Z: 14.13 | 15.08(5.94) | 16.61(8.40) | 20.87(9.55) | 31.32(1.62) | 34.43(3.16)
--------------------------------------------------
ε = 0.00177  | ErrSum: 183.3554 | 
--------------------------------------------------
ε = 0.00178  | ErrSum: 624.0813 | 
--------------------------------------------------
ε = 0.00179  | ErrSum: 121.3261 | 
--------------------------------------------------
ε = 0.00180  | ErrSum: 406.8482 | 
--------------------------------------------------
ε = 0.00181  | ErrSum: 491.4521 | 
--------------------------------------------------
ε = 0.00182  | ErrSum: 428.7630 | 
--------------------------------------------------
ε = 0.00183  | ErrSum: 15.9126  | ✨ Excellent
  ▶ Z: 14.13 | 14.60(6.42) | 29.11(4.10) | 32.78(2.36) | 34.51(1.58) | 36.13(1.45)
--------------------------------------------------
ε = 0.00184  | ErrSum: 129.0488 | 
--------------------------------------------------
ε = 0.00185  | ErrSum: 126.7400 | 
--------------------------------------------------
ε = 0.00186  | ErrSum: 151.1917 | 
--------------------------------------------------
ε = 0.00187  | ErrSum: 208.6841 | 
--------------------------------------------------
ε = 0.00188  | ErrSum: 275.7395 | 
--------------------------------------------------
ε = 0.00189  | ErrSum: 281.3531 | 
--------------------------------------------------
ε = 0.00190  | ErrSum: 212.2531 | 
--------------------------------------------------
ε = 0.00191  | ErrSum: 132.3708 | 
--------------------------------------------------
ε = 0.00192  | ErrSum: 49.9768  | 
  ▶ Z: 14.13 | 18.77(2.25) | 21.87(3.14) | 38.27(7.85) | 45.12(12.19) | 62.14(24.55)
--------------------------------------------------
ε = 0.00193  | ErrSum: 20.8857  | 
  ▶ Z: 14.13 | 15.07(5.96) | 25.84(0.83) | 29.58(0.85) | 41.83(8.89) | 41.95(4.36)
--------------------------------------------------
ε = 0.00194  | ErrSum: 114.3475 | 
--------------------------------------------------
ε = 0.00195  | ErrSum: 22.4386  | 
  ▶ Z: 14.13 | 14.32(6.70) | 19.08(5.93) | 23.48(6.95) | 30.15(2.78) | 37.51(0.08)
--------------------------------------------------
ε = 0.00196  | ErrSum: 27.6793  | 
  ▶ Z: 14.13 | 23.45(2.43) | 27.68(2.67) | 30.59(0.17) | 45.30(12.37) | 47.63(10.04)
--------------------------------------------------
ε = 0.00197  | ErrSum: 99.3719  | 
  ▶ Z: 14.13 | 35.07(14.05) | 40.28(15.27) | 42.85(12.42) | 62.57(29.64) | 65.58(28.00)
--------------------------------------------------
ε = 0.00198  | ErrSum: 210.5793 | 
--------------------------------------------------
ε = 0.00199  | ErrSum: 1155.9295 | 
--------------------------------------------------
ε = 0.00200  | ErrSum: 107.7633 | 
--------------------------------------------------
====================================================================================================
👑 并行扫描完成！耗时 63.72 分钟。
🎯 最终神圣坐标: ε = 0.00073 (ErrSum = 6.3191)
