🚀 启动【256核·饱和式显微镜模式】
🖥️  检测到 CPU 核心数: 256
📊 扫描任务总数: 402 (步长 1e-6)
🔭 望远镜目标: 预测前 200 个零点 (覆盖 N=80 崩溃区)
====================================================================================================
ε = 0.000650  | ErrSum: 41.2983  | 
  ▶ Z(Top6): 14.13 | 23.13(2.11) | 32.82(7.80) | 39.46(9.03) | ...
--------------------------------------------------
ε = 0.000651  | ErrSum: 41.5711  | 
  ▶ Z(Top6): 14.13 | 22.12(1.09) | 37.24(12.23) | 38.83(8.41) | ...
--------------------------------------------------
ε = 0.000653  | ErrSum: 30.1171  | 
  ▶ Z(Top6): 14.13 | 19.75(1.28) | 20.39(4.62) | 38.70(8.27) | ...
--------------------------------------------------
ε = 0.000654  | ErrSum: 25.5964  | 
  ▶ Z(Top6): 14.13 | 19.63(1.39) | 25.46(0.45) | 39.31(8.89) | ...
--------------------------------------------------
ε = 0.000655  | ErrSum: 31.0789  | 
  ▶ Z(Top6): 14.13 | 18.86(2.16) | 29.70(4.69) | 39.00(8.58) | ...
--------------------------------------------------
ε = 0.000656  | ErrSum: 34.3838  | 
  ▶ Z(Top6): 14.13 | 18.00(3.02) | 32.70(7.69) | 38.28(7.86) | ...
--------------------------------------------------
ε = 0.000657  | ErrSum: 39.8044  | 
  ▶ Z(Top6): 14.13 | 16.91(4.11) | 34.92(9.91) | 38.08(7.66) | ...
--------------------------------------------------
ε = 0.000658  | ErrSum: 47.6082  | 
  ▶ Z(Top6): 14.13 | 15.46(5.56) | 36.79(11.78) | 38.51(8.08) | ...
--------------------------------------------------
ε = 0.000667  | ErrSum: 34.1093  | 
  ▶ Z(Top6): 14.13 | 14.67(6.35) | 15.09(9.92) | 18.53(11.90) | ...
--------------------------------------------------
ε = 0.000668  | ErrSum: 36.1636  | 
  ▶ Z(Top6): 14.13 | 14.20(6.82) | 14.77(10.24) | 17.52(12.90) | ...
--------------------------------------------------
ε = 0.000669  | ErrSum: 33.8775  | 
  ▶ Z(Top6): 14.13 | 15.05(5.97) | 15.84(9.17) | 17.67(12.75) | ...
--------------------------------------------------
ε = 0.000670  | ErrSum: 31.4062  | 
  ▶ Z(Top6): 14.13 | 15.87(5.16) | 17.05(7.96) | 17.86(12.56) | ...
--------------------------------------------------
ε = 0.000671  | ErrSum: 28.9250  | 
  ▶ Z(Top6): 14.13 | 16.63(4.40) | 18.04(6.97) | 18.36(12.07) | ...
--------------------------------------------------
ε = 0.000672  | ErrSum: 25.9482  | 
  ▶ Z(Top6): 14.13 | 17.43(3.59) | 18.30(6.71) | 19.79(10.63) | ...
--------------------------------------------------
ε = 0.000673  | ErrSum: 22.3036  | 
  ▶ Z(Top6): 14.13 | 18.31(2.71) | 18.64(6.37) | 21.41(9.01) | ...
--------------------------------------------------
ε = 0.000674  | ErrSum: 18.2487  | ✨ Excellent
  ▶ Z(Top6): 14.13 | 19.23(1.80) | 19.44(5.58) | 23.21(7.21) | ...
--------------------------------------------------
ε = 0.000675  | ErrSum: 13.9879  | 🔥 SUPER!
  ▶ Z(Top6): 14.13 | 20.30(0.73) | 21.11(3.90) | 25.36(5.07) | ...
--------------------------------------------------
ε = 0.000676  | ErrSum: 15.3459  | ✨ Excellent
  ▶ Z(Top6): 14.13 | 23.05(2.03) | 24.67(0.34) | 28.73(1.70) | ...
--------------------------------------------------
ε = 0.000678  | ErrSum: 26.3450  | 
  ▶ Z(Top6): 14.13 | 16.08(4.94) | 20.58(4.44) | 24.56(5.87) | ...
--------------------------------------------------
ε = 0.000679  | ErrSum: 16.3375  | ✨ Excellent
  ▶ Z(Top6): 14.13 | 16.66(4.36) | 25.10(0.09) | 27.69(2.74) | ...
--------------------------------------------------
ε = 0.000680  | ErrSum: 9.5302   | 🔥 SUPER!
  ▶ Z(Top6): 14.13 | 17.35(3.67) | 25.99(0.98) | 28.67(1.76) | ...
--------------------------------------------------
ε = 0.000681  | ErrSum: 9.3468   | 🔥 SUPER!
  ▶ Z(Top6): 14.13 | 18.22(2.80) | 27.36(2.34) | 29.92(0.50) | ...
--------------------------------------------------
ε = 0.000682  | ErrSum: 14.7792  | 🔥 SUPER!
  ▶ Z(Top6): 14.13 | 19.39(1.63) | 29.30(4.29) | 31.63(1.20) | ...
--------------------------------------------------
ε = 0.000683  | ErrSum: 22.0705  | 
  ▶ Z(Top6): 14.13 | 21.08(0.05) | 32.18(7.17) | 33.63(3.20) | ...
--------------------------------------------------
ε = 0.000684  | ErrSum: 41.0049  | 
  ▶ Z(Top6): 14.13 | 23.85(2.82) | 35.80(10.79) | 36.85(6.42) | ...
--------------------------------------------------
ε = 0.000687  | ErrSum: 24.3392  | 
  ▶ Z(Top6): 14.13 | 16.48(4.54) | 20.85(4.16) | 21.52(8.91) | ...
--------------------------------------------------
ε = 0.000688  | ErrSum: 29.5320  | 
  ▶ Z(Top6): 14.13 | 14.38(6.64) | 19.52(5.49) | 20.55(9.87) | ...
--------------------------------------------------
ε = 0.000689  | ErrSum: 26.8952  | 
  ▶ Z(Top6): 14.13 | 16.29(4.73) | 20.89(4.12) | 22.33(8.10) | ...
--------------------------------------------------
ε = 0.000690  | ErrSum: 22.2345  | 
  ▶ Z(Top6): 14.13 | 19.36(1.66) | 23.13(1.88) | 24.91(5.51) | ...
--------------------------------------------------
ε = 0.000691  | ErrSum: 23.3025  | 
  ▶ Z(Top6): 14.13 | 23.28(2.26) | 26.07(1.06) | 28.04(2.38) | ...
--------------------------------------------------
ε = 0.000696  | ErrSum: 36.2913  | 
  ▶ Z(Top6): 14.13 | 26.68(5.66) | 35.99(10.97) | 36.92(6.50) | ...
--------------------------------------------------
ε = 0.000697  | ErrSum: 46.0597  | 
  ▶ Z(Top6): 14.13 | 17.28(3.74) | 34.38(9.37) | 39.67(9.24) | ...
--------------------------------------------------
ε = 0.000700  | ErrSum: 39.0460  | 
  ▶ Z(Top6): 14.13 | 24.84(3.82) | 32.84(7.83) | 41.90(11.48) | ...
--------------------------------------------------
ε = 0.000712  | ErrSum: 14.8711  | 🔥 SUPER!
  ▶ Z(Top6): 14.13 | 14.51(6.51) | 23.79(1.22) | 26.59(3.84) | ...
--------------------------------------------------
ε = 0.000713  | ErrSum: 19.0790  | ✨ Excellent
  ▶ Z(Top6): 14.13 | 14.47(6.55) | 21.56(3.45) | 25.24(5.18) | ...
--------------------------------------------------
ε = 0.000714  | ErrSum: 29.8605  | 
  ▶ Z(Top6): 14.13 | 14.14(6.88) | 19.37(5.64) | 23.69(6.74) | ...
--------------------------------------------------
ε = 0.000715  | ErrSum: 36.1172  | 
  ▶ Z(Top6): 14.13 | 14.76(6.27) | 17.91(7.10) | 22.89(7.54) | ...
--------------------------------------------------
ε = 0.000716  | ErrSum: 41.5981  | 
  ▶ Z(Top6): 14.13 | 15.54(5.48) | 16.66(8.35) | 22.17(8.25) | ...
--------------------------------------------------
ε = 0.000717  | ErrSum: 46.7813  | 
  ▶ Z(Top6): 14.13 | 15.50(5.53) | 16.23(8.79) | 21.48(8.94) | ...
--------------------------------------------------
ε = 0.000721  | ErrSum: 48.1456  | 
  ▶ Z(Top6): 14.13 | 17.89(3.13) | 18.58(6.43) | 19.75(10.68) | ...
--------------------------------------------------
ε = 0.000722  | ErrSum: 45.3399  | 
  ▶ Z(Top6): 14.13 | 17.77(3.25) | 19.74(5.27) | 20.34(10.08) | ...
--------------------------------------------------
ε = 0.000723  | ErrSum: 48.7673  | 
  ▶ Z(Top6): 14.13 | 16.82(4.20) | 18.29(6.72) | 19.46(10.96) | ...
--------------------------------------------------
ε = 0.000724  | ErrSum: 36.3210  | 
  ▶ Z(Top6): 14.13 | 19.27(1.75) | 19.95(5.06) | 21.87(8.56) | ...
--------------------------------------------------
ε = 0.000725  | ErrSum: 20.5322  | 
  ▶ Z(Top6): 14.13 | 19.19(1.83) | 22.76(2.25) | 25.78(4.65) | ...
--------------------------------------------------
ε = 0.000726  | ErrSum: 6.1813   | 🔥 SUPER!
  ▶ Z(Top6): 14.13 | 19.30(1.72) | 27.66(2.65) | 31.20(0.77) | ...
--------------------------------------------------
ε = 0.000729  | ErrSum: 45.3841  | 
  ▶ Z(Top6): 14.13 | 14.66(6.36) | 16.92(8.09) | 18.20(12.22) | ...
--------------------------------------------------
ε = 0.000730  | ErrSum: 41.0909  | 
  ▶ Z(Top6): 14.13 | 15.55(5.47) | 15.84(9.17) | 19.58(10.85) | ...
--------------------------------------------------
ε = 0.000737  | ErrSum: 42.7810  | 
  ▶ Z(Top6): 14.13 | 19.68(1.34) | 26.88(1.87) | 37.83(7.40) | ...
--------------------------------------------------
ε = 0.000738  | ErrSum: 33.1591  | 
  ▶ Z(Top6): 14.13 | 17.72(3.30) | 25.09(0.08) | 37.96(7.53) | ...
--------------------------------------------------
ε = 0.000739  | ErrSum: 27.4790  | 
  ▶ Z(Top6): 14.13 | 16.74(4.28) | 23.83(1.18) | 37.76(7.34) | ...
--------------------------------------------------
ε = 0.000740  | ErrSum: 21.2315  | 
  ▶ Z(Top6): 14.13 | 16.05(4.97) | 22.71(2.30) | 32.33(1.91) | ...
--------------------------------------------------
ε = 0.000741  | ErrSum: 21.6788  | 
  ▶ Z(Top6): 14.13 | 16.04(4.98) | 22.04(2.97) | 28.76(1.67) | ...
--------------------------------------------------
ε = 0.000742  | ErrSum: 23.7774  | 
  ▶ Z(Top6): 14.13 | 16.42(4.60) | 21.53(3.48) | 26.47(3.95) | ...
--------------------------------------------------
ε = 0.000743  | ErrSum: 24.3158  | 
  ▶ Z(Top6): 14.13 | 17.15(3.87) | 21.30(3.72) | 25.19(5.23) | ...
--------------------------------------------------
ε = 0.000744  | ErrSum: 22.3964  | 
  ▶ Z(Top6): 14.13 | 17.90(3.12) | 21.21(3.80) | 24.44(5.98) | ...
--------------------------------------------------
ε = 0.000745  | ErrSum: 19.4989  | ✨ Excellent
  ▶ Z(Top6): 14.13 | 18.37(2.65) | 21.40(3.61) | 23.91(6.52) | ...
--------------------------------------------------
ε = 0.000748  | ErrSum: 12.0900  | 🔥 SUPER!
  ▶ Z(Top6): 14.13 | 15.77(5.25) | 22.19(2.82) | 30.58(0.16) | ...
--------------------------------------------------
ε = 0.000749  | ErrSum: 30.8841  | 
  ▶ Z(Top6): 14.13 | 15.85(5.17) | 22.27(2.74) | 22.81(7.61) | ...
--------------------------------------------------
ε = 0.000750  | ErrSum: 36.2672  | 
  ▶ Z(Top6): 14.13 | 15.27(5.75) | 20.41(4.60) | 23.92(6.51) | ...
--------------------------------------------------
ε = 0.001708  | ErrSum: 46.1562  | 
  ▶ Z(Top6): 14.13 | 16.42(4.60) | 25.48(0.47) | 43.64(13.22) | ...
--------------------------------------------------
ε = 0.001709  | ErrSum: 46.1671  | 
  ▶ Z(Top6): 14.13 | 14.84(6.18) | 26.04(1.03) | 43.03(12.61) | ...
--------------------------------------------------
ε = 0.001712  | ErrSum: 38.0746  | 
  ▶ Z(Top6): 14.13 | 23.48(2.46) | 35.19(10.18) | 38.88(8.46) | ...
--------------------------------------------------
ε = 0.001713  | ErrSum: 31.1818  | 
  ▶ Z(Top6): 14.13 | 23.17(2.15) | 33.72(8.70) | 37.14(6.71) | ...
--------------------------------------------------
ε = 0.001714  | ErrSum: 24.5656  | 
  ▶ Z(Top6): 14.13 | 22.82(1.79) | 32.39(7.38) | 35.54(5.12) | ...
--------------------------------------------------
ε = 0.001715  | ErrSum: 19.0280  | ✨ Excellent
  ▶ Z(Top6): 14.13 | 22.68(1.66) | 31.18(6.17) | 34.31(3.88) | ...
--------------------------------------------------
ε = 0.001716  | ErrSum: 13.6986  | 🔥 SUPER!
  ▶ Z(Top6): 14.13 | 22.38(1.36) | 30.07(5.06) | 33.01(2.58) | ...
--------------------------------------------------
ε = 0.001717  | ErrSum: 8.8782   | 🔥 SUPER!
  ▶ Z(Top6): 14.13 | 22.05(1.03) | 29.05(4.04) | 31.91(1.48) | ...
--------------------------------------------------
ε = 0.001718  | ErrSum: 6.1813   | 🔥 SUPER!
  ▶ Z(Top6): 14.13 | 21.85(0.83) | 28.09(3.08) | 30.91(0.49) | ...
--------------------------------------------------
ε = 0.001719  | ErrSum: 5.9522   | 🔥 SUPER!
  ▶ Z(Top6): 14.13 | 21.76(0.74) | 27.20(2.19) | 29.84(0.59) | ...
--------------------------------------------------
ε = 0.001720  | ErrSum: 6.8228   | 🔥 SUPER!
  ▶ Z(Top6): 14.13 | 21.58(0.56) | 26.36(1.35) | 29.00(1.42) | ...
--------------------------------------------------
ε = 0.001721  | ErrSum: 8.1924   | 🔥 SUPER!
  ▶ Z(Top6): 14.13 | 21.33(0.31) | 25.57(0.56) | 28.18(2.24) | ...
--------------------------------------------------
ε = 0.001722  | ErrSum: 9.8872   | 🔥 SUPER!
  ▶ Z(Top6): 14.13 | 21.09(0.07) | 24.82(0.20) | 27.37(3.05) | ...
--------------------------------------------------
ε = 0.001723  | ErrSum: 6.6196   | 🔥 SUPER!
  ▶ Z(Top6): 14.13 | 17.72(3.30) | 26.22(1.21) | 30.21(0.22) | ...
--------------------------------------------------
ε = 0.001724  | ErrSum: 6.1629   | 🔥 SUPER!
  ▶ Z(Top6): 14.13 | 17.66(3.37) | 25.95(0.93) | 29.24(1.18) | ...
--------------------------------------------------
ε = 0.001725  | ErrSum: 8.3618   | 🔥 SUPER!
  ▶ Z(Top6): 14.13 | 17.66(3.36) | 25.69(0.67) | 28.43(2.00) | ...
--------------------------------------------------
ε = 0.001726  | ErrSum: 6.5562   | 🔥 SUPER!
  ▶ Z(Top6): 14.13 | 18.53(2.49) | 26.71(1.70) | 29.00(1.43) | ...
--------------------------------------------------
ε = 0.001727  | ErrSum: 10.3928  | 🔥 SUPER!
  ▶ Z(Top6): 14.13 | 18.23(2.79) | 26.03(1.02) | 27.74(2.68) | ...
--------------------------------------------------
ε = 0.001728  | ErrSum: 10.9315  | 🔥 SUPER!
  ▶ Z(Top6): 14.13 | 18.59(2.43) | 26.29(1.28) | 27.51(2.91) | ...
--------------------------------------------------
ε = 0.001729  | ErrSum: 15.7238  | ✨ Excellent
  ▶ Z(Top6): 14.13 | 18.04(2.98) | 25.35(0.34) | 25.98(4.45) | ...
--------------------------------------------------
ε = 0.001730  | ErrSum: 14.7050  | 🔥 SUPER!
  ▶ Z(Top6): 14.13 | 18.76(2.26) | 26.09(1.08) | 26.27(4.15) | ...
--------------------------------------------------
ε = 0.001731  | ErrSum: 16.9631  | ✨ Excellent
  ▶ Z(Top6): 14.13 | 18.58(2.45) | 25.31(0.30) | 25.60(4.83) | ...
--------------------------------------------------
ε = 0.001732  | ErrSum: 16.7726  | ✨ Excellent
  ▶ Z(Top6): 14.13 | 18.86(2.16) | 25.01(0.00) | 25.82(4.61) | ...
--------------------------------------------------
ε = 0.001733  | ErrSum: 15.4083  | ✨ Excellent
  ▶ Z(Top6): 14.13 | 19.45(1.57) | 25.09(0.08) | 26.37(4.06) | ...
--------------------------------------------------
ε = 0.001757  | ErrSum: 28.0258  | 
  ▶ Z(Top6): 14.13 | 22.42(1.40) | 30.09(5.08) | 32.68(2.26) | ...
--------------------------------------------------
ε = 0.001758  | ErrSum: 13.7239  | 🔥 SUPER!
  ▶ Z(Top6): 14.13 | 21.78(0.76) | 26.41(1.40) | 30.25(0.17) | ...
--------------------------------------------------
ε = 0.001759  | ErrSum: 8.5607   | 🔥 SUPER!
  ▶ Z(Top6): 14.13 | 21.24(0.22) | 23.89(1.13) | 28.29(2.13) | ...
--------------------------------------------------
ε = 0.001760  | ErrSum: 9.4208   | 🔥 SUPER!
  ▶ Z(Top6): 14.13 | 20.81(0.21) | 21.18(3.83) | 26.67(3.75) | ...
--------------------------------------------------
ε = 0.001761  | ErrSum: 15.8179  | ✨ Excellent
  ▶ Z(Top6): 14.13 | 19.26(1.76) | 20.45(4.56) | 25.29(5.14) | ...
--------------------------------------------------
ε = 0.001762  | ErrSum: 23.8239  | 
  ▶ Z(Top6): 14.13 | 17.19(3.83) | 20.17(4.84) | 24.08(6.34) | ...
--------------------------------------------------
ε = 0.001763  | ErrSum: 30.6016  | 
  ▶ Z(Top6): 14.13 | 15.00(6.02) | 19.90(5.11) | 23.04(7.38) | ...
--------------------------------------------------
ε = 0.001764  | ErrSum: 34.5358  | 
  ▶ Z(Top6): 14.13 | 14.32(6.70) | 19.95(5.06) | 22.40(8.02) | ...
--------------------------------------------------
ε = 0.001765  | ErrSum: 19.8220  | ✨ Excellent
  ▶ Z(Top6): 14.13 | 16.78(4.25) | 23.14(1.87) | 25.27(5.16) | ...
--------------------------------------------------
ε = 0.001766  | ErrSum: 8.2428   | 🔥 SUPER!
  ▶ Z(Top6): 14.13 | 19.48(1.54) | 26.63(1.62) | 28.31(2.12) | ...
--------------------------------------------------
ε = 0.001767  | ErrSum: 25.2609  | 
  ▶ Z(Top6): 14.13 | 19.17(1.85) | 19.87(5.14) | 22.87(7.55) | ...
--------------------------------------------------
ε = 0.001768  | ErrSum: 29.4008  | 
  ▶ Z(Top6): 14.13 | 19.06(1.96) | 19.26(5.75) | 21.83(8.60) | ...
--------------------------------------------------
ε = 0.001769  | ErrSum: 32.9132  | 
  ▶ Z(Top6): 14.13 | 18.70(2.32) | 18.95(6.06) | 20.85(9.57) | ...
--------------------------------------------------
ε = 0.001770  | ErrSum: 36.4254  | 
  ▶ Z(Top6): 14.13 | 18.21(2.82) | 18.86(6.15) | 19.94(10.48) | ...
--------------------------------------------------
ε = 0.001771  | ErrSum: 39.2698  | 
  ▶ Z(Top6): 14.13 | 17.75(3.27) | 18.79(6.22) | 19.09(11.34) | ...
--------------------------------------------------
ε = 0.001772  | ErrSum: 42.3574  | 
  ▶ Z(Top6): 14.13 | 17.34(3.69) | 18.28(6.73) | 18.74(11.69) | ...
--------------------------------------------------
ε = 0.001773  | ErrSum: 44.8315  | 
  ▶ Z(Top6): 14.13 | 16.98(4.04) | 17.53(7.48) | 17.93(12.50) | ...
--------------------------------------------------
ε = 0.001774  | ErrSum: 46.6651  | 
  ▶ Z(Top6): 14.13 | 16.65(4.37) | 16.82(8.19) | 17.58(12.85) | ...
--------------------------------------------------
ε = 0.001775  | ErrSum: 48.8687  | 
  ▶ Z(Top6): 14.13 | 16.15(4.87) | 16.38(8.63) | 16.63(13.79) | ...
--------------------------------------------------
ε = 0.001780  | ErrSum: 49.0471  | 
  ▶ Z(Top6): 14.13 | 14.96(6.06) | 15.12(9.89) | 16.79(13.64) | ...
--------------------------------------------------
ε = 0.001781  | ErrSum: 45.1702  | 
  ▶ Z(Top6): 14.13 | 14.74(6.29) | 15.80(9.21) | 17.53(12.90) | ...
--------------------------------------------------
ε = 0.001782  | ErrSum: 40.3308  | 
  ▶ Z(Top6): 14.13 | 15.32(5.70) | 16.58(8.43) | 18.41(12.01) | ...
--------------------------------------------------
ε = 0.001783  | ErrSum: 34.6112  | 
  ▶ Z(Top6): 14.13 | 15.63(5.39) | 17.55(7.46) | 19.49(10.94) | ...
--------------------------------------------------
ε = 0.001784  | ErrSum: 27.2747  | 
  ▶ Z(Top6): 14.13 | 15.91(5.12) | 18.88(6.13) | 20.84(9.58) | ...
--------------------------------------------------
ε = 0.001785  | ErrSum: 20.3465  | 
  ▶ Z(Top6): 14.13 | 16.63(4.39) | 20.90(4.11) | 22.62(7.81) | ...
--------------------------------------------------
ε = 0.001786  | ErrSum: 15.3467  | ✨ Excellent
  ▶ Z(Top6): 14.13 | 17.44(3.59) | 24.10(0.91) | 25.05(5.38) | ...
--------------------------------------------------
ε = 0.001787  | ErrSum: 23.9521  | 
  ▶ Z(Top6): 14.13 | 19.36(1.67) | 28.72(3.71) | 29.11(1.32) | ...
--------------------------------------------------
ε = 0.001792  | ErrSum: 24.7672  | 
  ▶ Z(Top6): 14.13 | 18.17(2.86) | 20.24(4.77) | 22.75(7.67) | ...
--------------------------------------------------
ε = 0.001793  | ErrSum: 23.6650  | 
  ▶ Z(Top6): 14.13 | 18.86(2.17) | 20.41(4.60) | 22.46(7.96) | ...
--------------------------------------------------
ε = 0.001794  | ErrSum: 22.4132  | 
  ▶ Z(Top6): 14.13 | 19.54(1.48) | 20.62(4.39) | 22.29(8.14) | ...
--------------------------------------------------
ε = 0.001795  | ErrSum: 20.7318  | 
  ▶ Z(Top6): 14.13 | 20.20(0.82) | 20.79(4.22) | 22.51(7.92) | ...
--------------------------------------------------
ε = 0.001796  | ErrSum: 20.1964  | 
  ▶ Z(Top6): 14.13 | 20.85(0.17) | 20.95(4.06) | 21.66(8.77) | ...
--------------------------------------------------
ε = 0.001797  | ErrSum: 18.7212  | ✨ Excellent
  ▶ Z(Top6): 14.13 | 21.14(0.12) | 21.50(3.51) | 21.84(8.59) | ...
--------------------------------------------------
ε = 0.001798  | ErrSum: 17.8239  | ✨ Excellent
  ▶ Z(Top6): 14.13 | 21.32(0.30) | 21.58(3.44) | 22.14(8.28) | ...
--------------------------------------------------
ε = 0.001799  | ErrSum: 16.4480  | ✨ Excellent
  ▶ Z(Top6): 14.13 | 21.51(0.49) | 21.74(3.28) | 22.79(7.63) | ...
--------------------------------------------------
ε = 0.001800  | ErrSum: 33.8110  | 
  ▶ Z(Top6): 14.13 | 18.15(2.87) | 20.92(4.09) | 21.09(9.34) | ...
--------------------------------------------------
ε = 0.001801  | ErrSum: 39.5697  | 
  ▶ Z(Top6): 14.13 | 17.31(3.71) | 19.74(5.27) | 19.96(10.47) | ...
--------------------------------------------------
ε = 0.001802  | ErrSum: 15.2375  | ✨ Excellent
  ▶ Z(Top6): 14.13 | 21.52(0.49) | 24.48(0.53) | 24.58(5.84) | ...
--------------------------------------------------
ε = 0.001803  | ErrSum: 29.5125  | 
  ▶ Z(Top6): 14.13 | 18.76(2.26) | 21.67(3.34) | 21.70(8.73) | ...
--------------------------------------------------
ε = 0.001804  | ErrSum: 42.8670  | 
  ▶ Z(Top6): 14.13 | 16.34(4.68) | 19.13(5.88) | 19.53(10.90) | ...
--------------------------------------------------
ε = 0.001805  | ErrSum: 31.5727  | 
  ▶ Z(Top6): 14.13 | 18.93(2.09) | 21.01(4.00) | 21.27(9.16) | ...
--------------------------------------------------
ε = 0.001806  | ErrSum: 42.0989  | 
  ▶ Z(Top6): 14.13 | 17.17(3.85) | 19.00(6.02) | 19.37(11.05) | ...
--------------------------------------------------
ε = 0.001812  | ErrSum: 26.5664  | 
  ▶ Z(Top6): 14.13 | 26.69(5.67) | 33.55(8.53) | 33.97(3.55) | ...
--------------------------------------------------
ε = 0.001813  | ErrSum: 7.5890   | 🔥 SUPER!
  ▶ Z(Top6): 14.13 | 22.87(1.85) | 30.13(5.12) | 30.16(0.26) | ...
--------------------------------------------------
ε = 0.001819  | ErrSum: 37.2508  | 
  ▶ Z(Top6): 14.13 | 28.96(7.93) | 33.25(8.24) | 36.76(6.34) | ...
--------------------------------------------------
ε = 0.001821  | ErrSum: 39.4024  | 
  ▶ Z(Top6): 14.13 | 31.73(10.71) | 32.34(7.33) | 35.83(5.40) | ...
--------------------------------------------------
ε = 0.001822  | ErrSum: 26.9059  | 
  ▶ Z(Top6): 14.13 | 28.50(7.47) | 31.63(6.62) | 32.80(2.38) | ...
--------------------------------------------------
ε = 0.001823  | ErrSum: 38.8350  | 
  ▶ Z(Top6): 14.13 | 33.72(12.70) | 33.80(8.79) | 34.63(4.21) | ...
--------------------------------------------------
ε = 0.001824  | ErrSum: 28.3027  | 
  ▶ Z(Top6): 14.13 | 31.16(10.13) | 32.24(7.23) | 33.98(3.56) | ...
--------------------------------------------------
ε = 0.001825  | ErrSum: 31.2408  | 
  ▶ Z(Top6): 14.13 | 30.72(9.70) | 31.23(6.22) | 36.17(5.75) | ...
--------------------------------------------------
ε = 0.001826  | ErrSum: 13.6297  | 🔥 SUPER!
  ▶ Z(Top6): 14.13 | 26.91(5.89) | 28.45(3.43) | 33.10(2.67) | ...
--------------------------------------------------
ε = 0.001827  | ErrSum: 20.5599  | 
  ▶ Z(Top6): 14.13 | 27.57(6.55) | 31.04(6.03) | 34.51(4.09) | ...
--------------------------------------------------
ε = 0.001828  | ErrSum: 14.2928  | 🔥 SUPER!
  ▶ Z(Top6): 14.13 | 26.02(5.00) | 28.64(3.63) | 32.91(2.49) | ...
--------------------------------------------------
ε = 0.001829  | ErrSum: 14.3312  | 🔥 SUPER!
  ▶ Z(Top6): 14.13 | 25.43(4.41) | 27.43(2.42) | 32.36(1.93) | ...
--------------------------------------------------
ε = 0.001830  | ErrSum: 8.1346   | 🔥 SUPER!
  ▶ Z(Top6): 14.13 | 23.37(2.35) | 26.71(1.70) | 30.11(0.32) | ...
--------------------------------------------------
ε = 0.001831  | ErrSum: 10.0831  | 🔥 SUPER!
  ▶ Z(Top6): 14.13 | 22.77(1.75) | 28.21(3.20) | 29.66(0.76) | ...
--------------------------------------------------
ε = 0.001832  | ErrSum: 28.2972  | 
  ▶ Z(Top6): 14.13 | 24.61(3.59) | 32.59(7.58) | 32.73(2.31) | ...
--------------------------------------------------
ε = 0.001833  | ErrSum: 25.4847  | 
  ▶ Z(Top6): 14.13 | 23.62(2.60) | 32.00(6.99) | 32.12(1.69) | ...
--------------------------------------------------
ε = 0.001834  | ErrSum: 43.9682  | 
  ▶ Z(Top6): 14.13 | 24.95(3.93) | 34.68(9.67) | 35.54(5.12) | ...
--------------------------------------------------
ε = 0.001837  | ErrSum: 5.6099   | 🔥 SUPER!
  ▶ Z(Top6): 14.13 | 22.08(1.06) | 25.05(0.04) | 32.92(2.50) | ...
--------------------------------------------------
ε = 0.001838  | ErrSum: 17.3321  | ✨ Excellent
  ▶ Z(Top6): 14.13 | 23.40(2.37) | 27.66(2.65) | 36.11(5.68) | ...
--------------------------------------------------
ε = 0.001839  | ErrSum: 37.5990  | 
  ▶ Z(Top6): 14.13 | 25.44(4.41) | 30.93(5.92) | 40.62(10.20) | ...
--------------------------------------------------
ε = 0.001843  | ErrSum: 12.5121  | 🔥 SUPER!
  ▶ Z(Top6): 14.13 | 20.01(1.01) | 26.50(1.49) | 27.90(2.53) | ...
--------------------------------------------------
ε = 0.001867  | ErrSum: 45.2606  | 
  ▶ Z(Top6): 14.13 | 15.20(5.82) | 18.98(6.03) | 42.25(11.83) | ...
--------------------------------------------------
ε = 0.001868  | ErrSum: 42.6461  | 
  ▶ Z(Top6): 14.13 | 15.64(5.38) | 18.66(6.35) | 40.86(10.44) | ...
--------------------------------------------------
ε = 0.001869  | ErrSum: 40.8562  | 
  ▶ Z(Top6): 14.13 | 15.17(5.85) | 18.20(6.81) | 39.23(8.80) | ...
--------------------------------------------------
ε = 0.001870  | ErrSum: 34.7076  | 
  ▶ Z(Top6): 14.13 | 15.69(5.34) | 18.17(6.84) | 38.06(7.64) | ...
--------------------------------------------------
ε = 0.001871  | ErrSum: 30.5275  | 
  ▶ Z(Top6): 14.13 | 15.33(5.69) | 17.84(7.17) | 36.76(6.34) | ...
--------------------------------------------------
ε = 0.001872  | ErrSum: 26.6460  | 
  ▶ Z(Top6): 14.13 | 17.26(3.76) | 17.66(7.35) | 35.45(5.03) | ...
--------------------------------------------------
ε = 0.001873  | ErrSum: 23.6273  | 
  ▶ Z(Top6): 14.13 | 16.49(4.53) | 17.53(7.48) | 34.11(3.69) | ...
--------------------------------------------------
ε = 0.001874  | ErrSum: 19.1738  | ✨ Excellent
  ▶ Z(Top6): 14.13 | 16.61(4.41) | 17.24(7.77) | 32.70(2.27) | ...
--------------------------------------------------
ε = 0.001875  | ErrSum: 16.9061  | ✨ Excellent
  ▶ Z(Top6): 14.13 | 16.16(4.86) | 17.14(7.87) | 31.45(1.02) | ...
--------------------------------------------------
ε = 0.001876  | ErrSum: 13.2098  | 🔥 SUPER!
  ▶ Z(Top6): 14.13 | 16.66(4.36) | 17.09(7.92) | 30.33(0.10) | ...
--------------------------------------------------
ε = 0.001877  | ErrSum: 19.3564  | ✨ Excellent
  ▶ Z(Top6): 14.13 | 15.28(5.74) | 16.90(8.11) | 29.05(1.37) | ...
--------------------------------------------------
ε = 0.001878  | ErrSum: 23.6946  | 
  ▶ Z(Top6): 14.13 | 15.17(5.85) | 16.53(8.48) | 27.84(2.58) | ...
--------------------------------------------------
ε = 0.001879  | ErrSum: 26.3833  | 
  ▶ Z(Top6): 14.13 | 14.29(6.73) | 17.01(8.00) | 26.93(3.49) | ...
--------------------------------------------------
ε = 0.001880  | ErrSum: 31.0915  | 
  ▶ Z(Top6): 14.13 | 14.28(6.74) | 16.57(8.44) | 25.39(5.04) | ...
--------------------------------------------------
ε = 0.001881  | ErrSum: 34.4795  | 
  ▶ Z(Top6): 14.13 | 14.24(6.78) | 16.79(8.22) | 24.52(5.90) | ...
--------------------------------------------------
ε = 0.001882  | ErrSum: 37.4779  | 
  ▶ Z(Top6): 14.13 | 14.39(6.63) | 16.60(8.41) | 23.15(7.28) | ...
--------------------------------------------------
ε = 0.001885  | ErrSum: 36.3779  | 
  ▶ Z(Top6): 14.13 | 26.13(5.10) | 29.40(4.39) | 34.72(4.29) | ...
--------------------------------------------------
ε = 0.001886  | ErrSum: 10.6608  | 🔥 SUPER!
  ▶ Z(Top6): 14.13 | 22.25(1.23) | 25.29(0.28) | 30.37(0.06) | ...
--------------------------------------------------
ε = 0.001887  | ErrSum: 4.4533   | 🔥 SUPER!
  ▶ Z(Top6): 14.13 | 20.28(0.74) | 23.63(1.38) | 28.41(2.02) | ...
--------------------------------------------------
ε = 0.001888  | ErrSum: 17.4999  | ✨ Excellent
  ▶ Z(Top6): 14.13 | 20.33(0.70) | 22.15(2.86) | 31.85(1.43) | ...
--------------------------------------------------
ε = 0.001889  | ErrSum: 19.8543  | ✨ Excellent
  ▶ Z(Top6): 14.13 | 20.36(0.66) | 20.79(4.22) | 32.34(1.91) | ...
--------------------------------------------------
ε = 0.001890  | ErrSum: 21.6805  | 
  ▶ Z(Top6): 14.13 | 19.03(1.99) | 28.56(3.55) | 35.50(5.08) | ...
--------------------------------------------------
ε = 0.001891  | ErrSum: 14.2813  | 🔥 SUPER!
  ▶ Z(Top6): 14.13 | 18.49(2.53) | 27.63(2.62) | 34.81(4.39) | ...
--------------------------------------------------
ε = 0.001892  | ErrSum: 17.4056  | ✨ Excellent
  ▶ Z(Top6): 14.13 | 19.24(1.78) | 28.21(3.19) | 35.79(5.36) | ...
--------------------------------------------------
ε = 0.001893  | ErrSum: 8.2314   | 🔥 SUPER!
  ▶ Z(Top6): 14.13 | 17.29(3.74) | 25.23(0.22) | 32.57(2.14) | ...
--------------------------------------------------
ε = 0.001894  | ErrSum: 12.2224  | 🔥 SUPER!
  ▶ Z(Top6): 14.13 | 18.14(2.88) | 26.45(1.44) | 33.99(3.56) | ...
--------------------------------------------------
ε = 0.001898  | ErrSum: 38.5131  | 
  ▶ Z(Top6): 14.13 | 24.47(3.45) | 26.96(1.95) | 39.92(9.49) | ...
--------------------------------------------------
ε = 0.001899  | ErrSum: 20.0131  | 
  ▶ Z(Top6): 14.13 | 23.34(2.32) | 24.08(0.93) | 35.80(5.37) | ...
--------------------------------------------------
ε = 0.001900  | ErrSum: 13.6251  | 🔥 SUPER!
  ▶ Z(Top6): 14.13 | 20.85(0.17) | 21.98(3.03) | 32.93(2.51) | ...
--------------------------------------------------
ε = 0.001901  | ErrSum: 6.9722   | 🔥 SUPER!
  ▶ Z(Top6): 14.13 | 19.96(1.06) | 20.44(4.57) | 30.81(0.38) | ...
--------------------------------------------------
ε = 0.001902  | ErrSum: 13.1862  | 🔥 SUPER!
  ▶ Z(Top6): 14.13 | 19.12(1.91) | 19.20(5.81) | 29.16(1.26) | ...
--------------------------------------------------
ε = 0.001910  | ErrSum: 36.9875  | 
  ▶ Z(Top6): 14.13 | 28.84(7.82) | 28.92(3.91) | 35.74(5.32) | ...
--------------------------------------------------
ε = 0.001911  | ErrSum: 26.5213  | 
  ▶ Z(Top6): 14.13 | 27.24(6.22) | 27.89(2.88) | 34.25(3.82) | ...
--------------------------------------------------
ε = 0.001912  | ErrSum: 22.4020  | 
  ▶ Z(Top6): 14.13 | 25.89(4.87) | 27.13(2.12) | 32.75(2.33) | ...
--------------------------------------------------
ε = 0.001913  | ErrSum: 12.7008  | 🔥 SUPER!
  ▶ Z(Top6): 14.13 | 24.68(3.66) | 26.45(1.44) | 32.30(1.87) | ...
--------------------------------------------------
ε = 0.001914  | ErrSum: 6.1506   | 🔥 SUPER!
  ▶ Z(Top6): 14.13 | 23.70(2.68) | 25.93(0.92) | 31.19(0.76) | ...
--------------------------------------------------
ε = 0.001915  | ErrSum: 3.3103   | 🔥 SUPER!
  ▶ Z(Top6): 14.13 | 22.69(1.67) | 25.33(0.32) | 30.86(0.43) | ...
--------------------------------------------------
ε = 0.001916  | ErrSum: 2.2088   | 🔥 SUPER!
  ▶ Z(Top6): 14.13 | 21.92(0.90) | 24.95(0.06) | 30.82(0.39) | ...
--------------------------------------------------
ε = 0.001917  | ErrSum: 5.5705   | 🔥 SUPER!
  ▶ Z(Top6): 14.13 | 21.18(0.16) | 24.53(0.48) | 29.64(0.79) | ...
--------------------------------------------------
ε = 0.001918  | ErrSum: 17.1773  | ✨ Excellent
  ▶ Z(Top6): 14.13 | 20.53(0.50) | 24.18(0.83) | 24.76(5.67) | ...
--------------------------------------------------
ε = 0.001919  | ErrSum: 6.9239   | 🔥 SUPER!
  ▶ Z(Top6): 14.13 | 19.94(1.08) | 23.88(1.14) | 29.43(1.00) | ...
--------------------------------------------------
ε = 0.001920  | ErrSum: 16.1017  | ✨ Excellent
  ▶ Z(Top6): 14.13 | 19.38(1.64) | 23.58(1.43) | 27.04(3.38) | ...
--------------------------------------------------
ε = 0.001921  | ErrSum: 16.9986  | ✨ Excellent
  ▶ Z(Top6): 14.13 | 18.90(2.12) | 23.37(1.64) | 27.95(2.47) | ...
--------------------------------------------------
ε = 0.001922  | ErrSum: 15.1960  | ✨ Excellent
  ▶ Z(Top6): 14.13 | 18.47(2.56) | 23.15(1.86) | 28.25(2.18) | ...
--------------------------------------------------
ε = 0.001923  | ErrSum: 18.8751  | ✨ Excellent
  ▶ Z(Top6): 14.13 | 18.07(2.95) | 23.00(2.01) | 27.83(2.60) | ...
--------------------------------------------------
ε = 0.001924  | ErrSum: 18.5246  | ✨ Excellent
  ▶ Z(Top6): 14.13 | 17.73(3.29) | 22.85(2.16) | 27.78(2.65) | ...
--------------------------------------------------
ε = 0.001925  | ErrSum: 18.5600  | ✨ Excellent
  ▶ Z(Top6): 14.13 | 17.41(3.61) | 22.72(2.29) | 27.75(2.68) | ...
--------------------------------------------------
ε = 0.001926  | ErrSum: 19.9508  | ✨ Excellent
  ▶ Z(Top6): 14.13 | 17.15(3.88) | 22.67(2.34) | 27.90(2.53) | ...
--------------------------------------------------
ε = 0.001927  | ErrSum: 21.3915  | 
  ▶ Z(Top6): 14.13 | 16.91(4.11) | 22.63(2.38) | 28.14(2.29) | ...
--------------------------------------------------
ε = 0.001928  | ErrSum: 23.1468  | 
  ▶ Z(Top6): 14.13 | 16.69(4.33) | 22.59(2.42) | 27.85(2.58) | ...
--------------------------------------------------
ε = 0.001929  | ErrSum: 24.8896  | 
  ▶ Z(Top6): 14.13 | 16.48(4.54) | 22.57(2.44) | 27.46(2.97) | ...
--------------------------------------------------
ε = 0.001930  | ErrSum: 25.9421  | 
  ▶ Z(Top6): 14.13 | 16.35(4.68) | 22.64(2.38) | 27.02(3.40) | ...
--------------------------------------------------
ε = 0.001931  | ErrSum: 27.0262  | 
  ▶ Z(Top6): 14.13 | 16.23(4.79) | 22.72(2.29) | 26.60(3.82) | ...
--------------------------------------------------
ε = 0.001932  | ErrSum: 28.3554  | 
  ▶ Z(Top6): 14.13 | 16.14(4.88) | 22.83(2.18) | 26.12(4.30) | ...
--------------------------------------------------
ε = 0.001933  | ErrSum: 29.5756  | 
  ▶ Z(Top6): 14.13 | 16.05(4.97) | 22.94(2.07) | 25.74(4.69) | ...
--------------------------------------------------
ε = 0.001934  | ErrSum: 22.4822  | 
  ▶ Z(Top6): 14.13 | 16.86(4.16) | 22.99(2.02) | 25.37(5.06) | ...
--------------------------------------------------
ε = 0.001935  | ErrSum: 23.2182  | 
  ▶ Z(Top6): 14.13 | 17.29(3.74) | 22.40(2.61) | 24.52(5.91) | ...
--------------------------------------------------
ε = 0.001936  | ErrSum: 23.0693  | 
  ▶ Z(Top6): 14.13 | 16.66(4.36) | 21.93(3.09) | 24.00(6.43) | ...
--------------------------------------------------
ε = 0.001937  | ErrSum: 27.3444  | 
  ▶ Z(Top6): 14.13 | 14.56(6.47) | 21.53(3.48) | 23.04(7.38) | ...
--------------------------------------------------
ε = 0.001938  | ErrSum: 29.7785  | 
  ▶ Z(Top6): 14.13 | 15.35(5.67) | 21.18(3.83) | 21.93(8.49) | ...
--------------------------------------------------
ε = 0.001939  | ErrSum: 32.9435  | 
  ▶ Z(Top6): 14.13 | 15.32(5.70) | 20.90(4.12) | 20.99(9.44) | ...
--------------------------------------------------
ε = 0.001940  | ErrSum: 34.8755  | 
  ▶ Z(Top6): 14.13 | 15.88(5.15) | 20.18(4.83) | 20.65(9.77) | ...
--------------------------------------------------
ε = 0.001941  | ErrSum: 36.4161  | 
  ▶ Z(Top6): 14.13 | 16.70(4.33) | 19.37(5.64) | 20.43(9.99) | ...
--------------------------------------------------
ε = 0.001942  | ErrSum: 37.6295  | 
  ▶ Z(Top6): 14.13 | 17.74(3.28) | 18.53(6.48) | 20.25(10.18) | ...
--------------------------------------------------
ε = 0.001943  | ErrSum: 18.6982  | ✨ Excellent
  ▶ Z(Top6): 14.13 | 19.94(1.09) | 24.19(0.82) | 25.48(4.94) | ...
--------------------------------------------------
ε = 0.001944  | ErrSum: 39.5904  | 
  ▶ Z(Top6): 14.13 | 16.81(4.22) | 20.66(4.35) | 20.78(9.64) | ...
--------------------------------------------------
ε = 0.001945  | ErrSum: 48.6690  | 
  ▶ Z(Top6): 14.13 | 15.46(5.56) | 18.34(6.67) | 19.60(10.82) | ...
--------------------------------------------------
ε = 0.001946  | ErrSum: 42.4205  | 
  ▶ Z(Top6): 14.13 | 16.79(4.23) | 19.31(5.70) | 19.79(10.64) | ...
--------------------------------------------------
ε = 0.001957  | ErrSum: 47.5148  | 
  ▶ Z(Top6): 14.13 | 15.83(5.19) | 16.55(8.46) | 22.29(8.13) | ...
--------------------------------------------------
ε = 0.001958  | ErrSum: 45.1742  | 
  ▶ Z(Top6): 14.13 | 16.65(4.37) | 16.90(8.12) | 22.40(8.02) | ...
--------------------------------------------------
ε = 0.001959  | ErrSum: 40.7042  | 
  ▶ Z(Top6): 14.13 | 17.09(3.93) | 17.29(7.72) | 22.69(7.74) | ...
--------------------------------------------------
ε = 0.001960  | ErrSum: 39.2265  | 
  ▶ Z(Top6): 14.13 | 17.52(3.51) | 18.13(6.88) | 23.58(6.85) | ...
--------------------------------------------------
ε = 0.001961  | ErrSum: 35.8349  | 
  ▶ Z(Top6): 14.13 | 17.80(3.22) | 17.97(7.04) | 24.18(6.25) | ...
--------------------------------------------------
ε = 0.001962  | ErrSum: 32.8040  | 
  ▶ Z(Top6): 14.13 | 18.28(2.74) | 19.21(5.80) | 24.59(5.83) | ...
--------------------------------------------------
ε = 0.001963  | ErrSum: 30.4224  | 
  ▶ Z(Top6): 14.13 | 18.75(2.28) | 19.57(5.44) | 25.22(5.21) | ...
--------------------------------------------------
ε = 0.001964  | ErrSum: 27.6070  | 
  ▶ Z(Top6): 14.13 | 19.09(1.93) | 20.04(4.97) | 25.69(4.73) | ...
--------------------------------------------------
ε = 0.001965  | ErrSum: 24.2134  | 
  ▶ Z(Top6): 14.13 | 19.67(1.35) | 20.46(4.55) | 26.47(3.95) | ...
--------------------------------------------------
ε = 0.001966  | ErrSum: 21.7508  | 
  ▶ Z(Top6): 14.13 | 19.90(1.12) | 21.69(3.32) | 26.79(3.63) | ...
--------------------------------------------------
ε = 0.001967  | ErrSum: 19.3362  | ✨ Excellent
  ▶ Z(Top6): 14.13 | 20.38(0.64) | 22.20(2.81) | 27.46(2.97) | ...
--------------------------------------------------
ε = 0.001968  | ErrSum: 18.8452  | ✨ Excellent
  ▶ Z(Top6): 14.13 | 20.52(0.50) | 22.30(2.71) | 27.40(3.03) | ...
--------------------------------------------------
ε = 0.001969  | ErrSum: 15.8838  | ✨ Excellent
  ▶ Z(Top6): 14.13 | 21.03(0.01) | 22.87(2.14) | 27.85(2.57) | ...
--------------------------------------------------
ε = 0.001970  | ErrSum: 14.5150  | 🔥 SUPER!
  ▶ Z(Top6): 14.13 | 21.56(0.54) | 23.39(1.62) | 28.14(2.29) | ...
--------------------------------------------------
ε = 0.001971  | ErrSum: 13.2315  | 🔥 SUPER!
  ▶ Z(Top6): 14.13 | 21.94(0.92) | 24.16(0.85) | 28.36(2.06) | ...
--------------------------------------------------
ε = 0.001972  | ErrSum: 12.4401  | 🔥 SUPER!
  ▶ Z(Top6): 14.13 | 22.25(1.22) | 24.58(0.43) | 28.50(1.92) | ...
--------------------------------------------------
ε = 0.001973  | ErrSum: 12.2130  | 🔥 SUPER!
  ▶ Z(Top6): 14.13 | 22.60(1.58) | 25.42(0.41) | 28.44(1.98) | ...
--------------------------------------------------
ε = 0.001974  | ErrSum: 11.4865  | 🔥 SUPER!
  ▶ Z(Top6): 14.13 | 23.11(2.09) | 25.90(0.89) | 28.99(1.44) | ...
--------------------------------------------------
ε = 0.001975  | ErrSum: 11.9609  | 🔥 SUPER!
  ▶ Z(Top6): 14.13 | 23.41(2.38) | 25.99(0.98) | 28.42(2.00) | ...
--------------------------------------------------
ε = 0.001976  | ErrSum: 11.7532  | 🔥 SUPER!
  ▶ Z(Top6): 14.13 | 23.83(2.80) | 26.21(1.20) | 28.42(2.01) | ...
--------------------------------------------------
ε = 0.001977  | ErrSum: 11.4777  | 🔥 SUPER!
  ▶ Z(Top6): 14.13 | 24.20(3.18) | 26.94(1.93) | 29.04(1.38) | ...
--------------------------------------------------
ε = 0.001978  | ErrSum: 11.8241  | 🔥 SUPER!
  ▶ Z(Top6): 14.13 | 24.70(3.68) | 28.09(3.08) | 29.21(1.22) | ...
--------------------------------------------------
ε = 0.001979  | ErrSum: 12.6435  | 🔥 SUPER!
  ▶ Z(Top6): 14.13 | 24.94(3.92) | 28.31(3.30) | 28.45(1.98) | ...
--------------------------------------------------
ε = 0.001980  | ErrSum: 13.7770  | 🔥 SUPER!
  ▶ Z(Top6): 14.13 | 25.50(4.47) | 29.02(4.01) | 29.34(1.08) | ...
--------------------------------------------------
ε = 0.001981  | ErrSum: 13.1638  | 🔥 SUPER!
  ▶ Z(Top6): 14.13 | 25.90(4.88) | 28.88(3.87) | 29.35(1.08) | ...
--------------------------------------------------
ε = 0.001982  | ErrSum: 14.3100  | 🔥 SUPER!
  ▶ Z(Top6): 14.13 | 26.22(5.20) | 29.25(4.24) | 29.38(1.05) | ...
--------------------------------------------------
ε = 0.001983  | ErrSum: 13.3987  | 🔥 SUPER!
  ▶ Z(Top6): 14.13 | 26.68(5.66) | 29.09(4.08) | 30.41(0.01) | ...
--------------------------------------------------
ε = 0.001984  | ErrSum: 14.0424  | 🔥 SUPER!
  ▶ Z(Top6): 14.13 | 26.94(5.92) | 29.06(4.05) | 30.97(0.54) | ...
--------------------------------------------------
ε = 0.001985  | ErrSum: 15.2621  | ✨ Excellent
  ▶ Z(Top6): 14.13 | 27.45(6.43) | 29.10(4.09) | 31.65(1.22) | ...
--------------------------------------------------
ε = 0.001986  | ErrSum: 17.1521  | ✨ Excellent
  ▶ Z(Top6): 14.13 | 27.90(6.87) | 29.49(4.48) | 32.33(1.91) | ...
--------------------------------------------------
ε = 0.001987  | ErrSum: 17.4468  | ✨ Excellent
  ▶ Z(Top6): 14.13 | 28.32(7.29) | 29.17(4.16) | 32.21(1.79) | ...
--------------------------------------------------
ε = 0.001988  | ErrSum: 19.4513  | ✨ Excellent
  ▶ Z(Top6): 14.13 | 28.91(7.89) | 29.23(4.22) | 33.62(3.19) | ...
--------------------------------------------------
ε = 0.001989  | ErrSum: 18.6140  | ✨ Excellent
  ▶ Z(Top6): 14.13 | 28.71(7.69) | 29.19(4.18) | 33.39(2.96) | ...
--------------------------------------------------
ε = 0.001990  | ErrSum: 20.4519  | 
  ▶ Z(Top6): 14.13 | 29.22(8.19) | 29.65(4.64) | 34.03(3.61) | ...
--------------------------------------------------
ε = 0.001991  | ErrSum: 21.5082  | 
  ▶ Z(Top6): 14.13 | 28.66(7.64) | 30.16(5.15) | 34.53(4.11) | ...
--------------------------------------------------
ε = 0.001992  | ErrSum: 21.9744  | 
  ▶ Z(Top6): 14.13 | 28.28(7.26) | 30.40(5.39) | 35.10(4.68) | ...
--------------------------------------------------
ε = 0.001993  | ErrSum: 22.8191  | 
  ▶ Z(Top6): 14.13 | 28.34(7.32) | 30.68(5.67) | 34.91(4.49) | ...
--------------------------------------------------
ε = 0.001994  | ErrSum: 24.1787  | 
  ▶ Z(Top6): 14.13 | 28.58(7.56) | 31.08(6.07) | 35.11(4.69) | ...
--------------------------------------------------
ε = 0.001995  | ErrSum: 28.7235  | 
  ▶ Z(Top6): 14.13 | 29.18(8.16) | 31.90(6.89) | 36.57(6.15) | ...
--------------------------------------------------
ε = 0.001996  | ErrSum: 27.9499  | 
  ▶ Z(Top6): 14.13 | 27.88(6.86) | 32.00(6.98) | 36.73(6.31) | ...
--------------------------------------------------
ε = 0.001997  | ErrSum: 33.5047  | 
  ▶ Z(Top6): 14.13 | 29.24(8.21) | 32.88(7.87) | 38.24(7.81) | ...
--------------------------------------------------
ε = 0.001998  | ErrSum: 31.1409  | 
  ▶ Z(Top6): 14.13 | 27.66(6.64) | 32.91(7.90) | 37.14(6.72) | ...
--------------------------------------------------
ε = 0.001999  | ErrSum: 32.7771  | 
  ▶ Z(Top6): 14.13 | 27.86(6.84) | 33.26(8.25) | 37.64(7.22) | ...
--------------------------------------------------
ε = 0.002000  | ErrSum: 20.0993  | 
  ▶ Z(Top6): 14.13 | 22.97(1.95) | 23.85(1.16) | 24.67(5.75) | ...
--------------------------------------------------
====================================================================================================
👑 扫描完成！耗时 17722.63 秒。
🎯 最终神圣坐标: ε = 0.001916 (ErrSum = 2.2088)

🔎 最佳参数下的前 20 个预测偏差 (Pred - True):
  N=01: 0.0000 
  N=02: 0.9016 
  N=03: 0.0636 
  N=04: 0.3930 
  N=05: 0.1882 
  N=06: 0.6623 
  N=07: 2.5547 ❗
  N=08: 0.8884 
  N=09: 4.0949 ❗
  N=10: 0.8363 
  N=11: 4.9233 ❗
  N=12: 3.2598 ❗
  N=13: 7.6304 ❗
  N=14: 10.2314 ❗
  N=15: 10.9744 ❗
  N=16: 11.0638 ❗
  N=17: 12.1218 ❗
  N=18: 9.6531 ❗
  N=19: 9.0835 ❗
  N=20: 11.2622 ❗
