============================================================
🚀 启动 256 核怪兽级流水线：全标度渐近演化扫描
>>> 物理模型: $k(n) = k_0 + \beta/\ln^2(n) + \gamma/\ln^3(n)$
>>> 并行进程: 128 | 剩余核心支持底层矩阵运算
============================================================

[Batch 1/2] 正在执行重整化扫描...
  OK_k_4.7000_1614.2s
  OK_k_4.7149_2462.9s
  OK_k_4.7298_2471.6s
  OK_k_4.7447_2412.9s
  OK_k_4.7596_1625.1s
  OK_k_4.7745_2467.9s
  OK_k_4.7894_2470.4s
  OK_k_4.8043_2480.4s
  OK_k_4.8192_2435.5s
  OK_k_4.8341_2466.0s
  OK_k_4.8490_2390.1s
  OK_k_4.8639_2426.3s
  OK_k_4.8788_2430.3s
  OK_k_4.8937_2428.7s
  OK_k_4.9086_2418.9s
  OK_k_4.9235_2479.7s
  OK_k_4.9384_2431.1s
  OK_k_4.9533_2472.0s
  OK_k_4.9682_2464.7s
  OK_k_4.9831_2482.8s
  OK_k_4.9980_2478.5s
  OK_k_5.0129_2444.9s
  OK_k_5.0278_2438.1s
  OK_k_5.0427_2477.8s
  OK_k_5.0576_2478.7s
  OK_k_5.0725_2458.2s
  OK_k_5.0875_2367.0s
  OK_k_5.1024_2457.5s
  OK_k_5.1173_2477.3s
  OK_k_5.1322_2478.0s
  OK_k_5.1471_2428.0s
  OK_k_5.1620_2474.8s
  OK_k_5.1769_2436.3s
  OK_k_5.1918_2482.2s
  OK_k_5.2067_2451.4s
  OK_k_5.2216_2473.2s
  OK_k_5.2365_2359.6s
  OK_k_5.2514_2480.2s
  OK_k_5.2663_2453.2s
  OK_k_5.2812_2441.9s
  OK_k_5.2961_2474.1s
  OK_k_5.3110_2416.3s
  OK_k_5.3259_2477.5s
  OK_k_5.3408_2325.9s
  OK_k_5.3557_2339.7s
  OK_k_5.3706_2478.3s
  OK_k_5.3855_2465.6s
  OK_k_5.4004_2459.0s
  OK_k_5.4153_2449.5s
  OK_k_5.4302_2455.9s
  OK_k_5.4451_2473.4s
  OK_k_5.4600_2465.4s
  OK_k_5.4749_2473.8s
  OK_k_5.4898_2416.5s
  OK_k_5.5047_2443.6s
  OK_k_5.5196_2349.4s
  OK_k_5.5345_2466.5s
  OK_k_5.5494_2464.2s
  OK_k_5.5643_2481.7s
  OK_k_5.5792_2428.6s
  OK_k_5.5941_2412.2s
  OK_k_5.6090_2473.1s
  OK_k_5.6239_2479.9s
  OK_k_5.6388_2442.5s
  OK_k_5.6537_2480.9s
  OK_k_5.6686_2388.1s
  OK_k_5.6835_2469.6s
  OK_k_5.6984_2466.3s
  OK_k_5.7133_2353.9s
  OK_k_5.7282_2456.8s
  OK_k_5.7431_2468.4s
  OK_k_5.7580_2478.0s
  OK_k_5.7729_2459.6s
  OK_k_5.7878_2481.3s
  OK_k_5.8027_2480.8s
  OK_k_5.8176_2444.4s
  OK_k_5.8325_2477.6s
  OK_k_5.8475_2421.5s
  OK_k_5.8624_2482.8s
  OK_k_5.8773_2461.6s
  OK_k_5.8922_2265.2s
  OK_k_5.9071_2390.8s
  OK_k_5.9220_2460.4s
  OK_k_5.9369_2448.7s
  OK_k_5.9518_2422.0s
  OK_k_5.9667_2432.1s
  OK_k_5.9816_2454.4s
  OK_k_5.9965_2468.2s
  OK_k_6.0114_2379.4s
  OK_k_6.0263_2460.7s
  OK_k_6.0412_2431.4s
  OK_k_6.0561_2465.5s
  OK_k_6.0710_2481.4s
  OK_k_6.0859_2424.7s
  OK_k_6.1008_2468.6s
  OK_k_6.1157_2459.4s
  OK_k_6.1306_2437.4s
  OK_k_6.1455_2482.7s
  OK_k_6.1604_2461.7s
  OK_k_6.1753_2430.7s
  OK_k_6.1902_2482.6s
  OK_k_6.2051_2478.8s
  OK_k_6.2200_2449.5s
  OK_k_6.2349_2472.2s
  OK_k_6.2498_2445.5s
  OK_k_6.2647_2477.4s
  OK_k_6.2796_2468.5s
  OK_k_6.2945_2472.1s
  OK_k_6.3094_2477.2s
  OK_k_6.3243_2460.2s
  OK_k_6.3392_2395.3s
  OK_k_6.3541_2453.5s
  OK_k_6.3690_2443.0s
  OK_k_6.3839_2478.6s
  OK_k_6.3988_2444.9s
  OK_k_6.4137_2449.8s
  OK_k_6.4286_2482.4s
  OK_k_6.4435_2472.3s
  OK_k_6.4584_2461.6s
  OK_k_6.4733_2460.3s
  OK_k_6.4882_2473.1s
  OK_k_6.5031_2438.7s
  OK_k_6.5180_2397.9s
  OK_k_6.5329_2473.1s
  OK_k_6.5478_2446.0s
  OK_k_6.5627_2382.6s
  OK_k_6.5776_2470.9s
  OK_k_6.5925_2400.9s

[Batch 2/2] 正在执行重整化扫描...
  OK_k_6.6075_2473.6s
  OK_k_6.6224_2434.1s
  OK_k_6.6373_2316.0s
  OK_k_6.6522_2462.9s
  OK_k_6.6671_2475.5s
  OK_k_6.6820_2466.4s
  OK_k_6.6969_2441.6s
  OK_k_6.7118_2483.3s
  OK_k_6.7267_2484.2s
  OK_k_6.7416_743.5s
  OK_k_6.7565_2425.5s
  OK_k_6.7714_2421.8s
  OK_k_6.7863_2397.1s
  OK_k_6.8012_2481.3s
  OK_k_6.8161_2448.0s
  OK_k_6.8310_2350.9s
  OK_k_6.8459_2452.1s
  OK_k_6.8608_2392.3s
  OK_k_6.8757_2409.6s
  OK_k_6.8906_2478.3s
  OK_k_6.9055_2482.2s
  OK_k_6.9204_2479.2s
  OK_k_6.9353_2476.7s
  OK_k_6.9502_2476.6s
  OK_k_6.9651_2418.6s
  OK_k_6.9800_2316.9s
  OK_k_6.9949_2467.1s
  OK_k_7.0098_2430.3s
  OK_k_7.0247_2480.5s
  OK_k_7.0396_2471.3s
  OK_k_7.0545_2424.7s
  OK_k_7.0694_2416.5s
  OK_k_7.0843_2374.9s
  OK_k_7.0992_2433.8s
  OK_k_7.1141_2480.1s
  OK_k_7.1290_2423.0s
  OK_k_7.1439_2460.8s
  OK_k_7.1588_2468.7s
  OK_k_7.1737_2470.8s
  OK_k_7.1886_2469.3s
  OK_k_7.2035_2460.6s
  OK_k_7.2184_2474.1s
  OK_k_7.2333_2462.8s
  OK_k_7.2482_2468.8s
  OK_k_7.2631_2432.2s
  OK_k_7.2780_2467.4s
  OK_k_7.2929_2464.7s
  OK_k_7.3078_2484.0s
  OK_k_7.3227_2468.8s
  OK_k_7.3376_2424.9s
  OK_k_7.3525_2476.8s
  OK_k_7.3675_2416.8s
  OK_k_7.3824_2463.6s
  OK_k_7.3973_2458.2s
  OK_k_7.4122_2447.9s
  OK_k_7.4271_2439.4s
  OK_k_7.4420_2402.7s
  OK_k_7.4569_2467.3s
  OK_k_7.4718_2469.7s
  OK_k_7.4867_2449.1s
  OK_k_7.5016_2461.4s
  OK_k_7.5165_2454.2s
  OK_k_7.5314_2473.6s
  OK_k_7.5463_2476.7s
  OK_k_7.5612_2437.1s
  OK_k_7.5761_2412.0s
  OK_k_7.5910_2391.5s
  OK_k_7.6059_2463.9s
  OK_k_7.6208_2481.1s
  OK_k_7.6357_2483.7s
  OK_k_7.6506_2480.4s
  OK_k_7.6655_2471.2s
  OK_k_7.6804_2475.6s
  OK_k_7.6953_2454.3s
  OK_k_7.7102_2444.8s
  OK_k_7.7251_2424.0s
  OK_k_7.7400_2462.3s
  OK_k_7.7549_2479.6s
  OK_k_7.7698_2447.1s
  OK_k_7.7847_2447.3s
  OK_k_7.7996_2449.5s
  OK_k_7.8145_2465.2s
  OK_k_7.8294_2438.1s
  OK_k_7.8443_2482.5s
  OK_k_7.8592_2458.0s
  OK_k_7.8741_2439.1s
  OK_k_7.8890_2441.8s
  OK_k_7.9039_2484.3s
  OK_k_7.9188_2399.1s
  OK_k_7.9337_2454.5s
  OK_k_7.9486_2468.7s
  OK_k_7.9635_2468.9s
  OK_k_7.9784_2461.5s
  OK_k_7.9933_2477.1s
  OK_k_8.0082_2446.0s
  OK_k_8.0231_2428.6s
  OK_k_8.0380_2478.7s
  OK_k_8.0529_2472.6s
  OK_k_8.0678_2484.2s
  OK_k_8.0827_2439.2s
  OK_k_8.0976_2479.6s
  OK_k_8.1125_2446.5s
  OK_k_8.1275_2483.4s
  OK_k_8.1424_2467.7s
  OK_k_8.1573_2458.8s
  OK_k_8.1722_2383.2s
  OK_k_8.1871_2471.8s
  OK_k_8.2020_2480.2s
  OK_k_8.2169_2483.8s
  OK_k_8.2318_2449.7s
  OK_k_8.2467_2451.9s
  OK_k_8.2616_2305.3s
  OK_k_8.2765_2470.1s
  OK_k_8.2914_2450.6s
  OK_k_8.3063_2409.8s
  OK_k_8.3212_2483.4s
  OK_k_8.3361_2421.9s
  OK_k_8.3510_2481.4s
  OK_k_8.3659_2411.5s
  OK_k_8.3808_2440.8s
  OK_k_8.3957_2478.4s
  OK_k_8.4106_2464.7s
  OK_k_8.4255_2462.4s
  OK_k_8.4404_2483.5s
  OK_k_8.4553_2451.3s
  OK_k_8.4702_2463.2s
  OK_k_8.4851_2481.8s
  OK_k_8.5000_2483.4s

============================================================
✅ 扫描任务圆满完成！总耗时: 1.38 小时
>>> 256 组物理指纹已就位，准备进行 Harvest 锁定！
============================================================
